{
  "stats": {
    "suites": 1,
    "tests": 1,
    "passes": 1,
    "pending": 0,
    "failures": 0,
    "start": "2025-12-05T22:21:41.753Z",
    "end": "2025-12-05T22:21:44.971Z",
    "duration": 3218,
    "testsRegistered": 1,
    "passPercent": 100,
    "pendingPercent": 0,
    "other": 0,
    "hasOther": false,
    "skipped": 0,
    "hasSkipped": false
  },
  "results": [
    {
      "uuid": "85f83221-011c-4a85-8e00-6a155546b88f",
      "title": "",
      "fullFile": "cypress\\e2e\\demo_video.cy.js",
      "file": "cypress\\e2e\\demo_video.cy.js",
      "beforeHooks": [],
      "afterHooks": [],
      "tests": [],
      "suites": [
        {
          "uuid": "aec7ca4c-001b-493f-8331-a6a259f3619b",
          "title": "Démonstration Vidéo & Interface",
          "fullFile": "",
          "file": "",
          "beforeHooks": [],
          "afterHooks": [],
          "tests": [
            {
              "title": "Devrait remplir le formulaire et se connecter",
              "fullTitle": "Démonstration Vidéo & Interface Devrait remplir le formulaire et se connecter",
              "timedOut": null,
              "duration": 3172,
              "state": "passed",
              "speed": "fast",
              "pass": true,
              "fail": false,
              "pending": false,
              "context": null,
              "code": "// 1. Ouvrir la page locale\ncy.visit('test_page.html'); // Cypress servira ce fichier statique\n// 2. Vérifier que l'interface est visible\ncy.contains('Connexion BazaarNet').should('be.visible');\n// 3. Remplir les champs (Ce que vous vouliez voir)\ncy.get('#email').type('client@baazarnet.com').should('have.value', 'client@baazarnet.com');\ncy.wait(500); // Pause pour voir l'action dans la vidéo\ncy.get('#password').type('Password123!');\ncy.wait(500);\n// 4. Cliquer sur le bouton\ncy.get('#loginBtn').click();\n// 5. Vérifier le résultat\ncy.get('#result').should('contain', 'Connexion réussie');\ncy.wait(1000); // Pause finale",
              "err": {},
              "uuid": "2a44ad05-f512-4f3f-b25a-9dd0033e148e",
              "parentUUID": "aec7ca4c-001b-493f-8331-a6a259f3619b",
              "isHook": false,
              "skipped": false
            }
          ],
          "suites": [],
          "passes": [
            "2a44ad05-f512-4f3f-b25a-9dd0033e148e"
          ],
          "failures": [],
          "pending": [],
          "skipped": [],
          "duration": 3172,
          "root": false,
          "rootEmpty": false,
          "_timeout": 2000
        }
      ],
      "passes": [],
      "failures": [],
      "pending": [],
      "skipped": [],
      "duration": 0,
      "root": true,
      "rootEmpty": true,
      "_timeout": 2000
    }
  ],
  "meta": {
    "mocha": {
      "version": "7.0.1"
    },
    "mochawesome": {
      "options": {
        "quiet": false,
        "reportFilename": "mochawesome",
        "saveHtml": true,
        "saveJson": true,
        "consoleReporter": "spec",
        "useInlineDiffs": false,
        "code": true
      },
      "version": "7.1.4"
    },
    "marge": {
      "options": {
        "reportDir": "../../03_RAPPORTS_EXECUTION",
        "overwrite": false,
        "html": true,
        "json": true
      },
      "version": "6.3.2"
    }
  }
}